<?xml version="1.0" encoding="UTF-8"?>
<!-- Generated by org.testng.reporters.JUnitReportReporter -->
<testsuite skipped="0" hostname="Kumar-HP" name="TestNGBasics.InnvocationCountTest" tests="10" failures="0" timestamp="21 Mar 2019 17:41:07 GMT" time="0.016" errors="0">
  <testcase name="sum" time="0.001" classname="TestNGBasics.InnvocationCountTest"/>
  <testcase name="sum" time="0.001" classname="TestNGBasics.InnvocationCountTest"/>
  <testcase name="sum" time="0.002" classname="TestNGBasics.InnvocationCountTest"/>
  <testcase name="sum" time="0.001" classname="TestNGBasics.InnvocationCountTest"/>
  <testcase name="sum" time="0.002" classname="TestNGBasics.InnvocationCountTest"/>
  <testcase name="sum" time="0.001" classname="TestNGBasics.InnvocationCountTest"/>
  <testcase name="sum" time="0.002" classname="TestNGBasics.InnvocationCountTest"/>
  <testcase name="sum" time="0.002" classname="TestNGBasics.InnvocationCountTest"/>
  <testcase name="sum" time="0.002" classname="TestNGBasics.InnvocationCountTest"/>
  <testcase name="sum" time="0.002" classname="TestNGBasics.InnvocationCountTest"/>
</testsuite> <!-- TestNGBasics.InnvocationCountTest -->
