<?xml version="1.0" encoding="UTF-8"?>
<!-- Generated by org.testng.reporters.JUnitReportReporter -->
<testsuite skipped="0" hostname="Kumar-HP" name="TestNGBasics.ParameterTest" tests="1" failures="0" timestamp="24 Mar 2019 03:00:45 GMT" time="13.317" errors="0">
  <testcase name="Logindetails" time="13.317" classname="TestNGBasics.ParameterTest"/>
</testsuite> <!-- TestNGBasics.ParameterTest -->
