<?xml version="1.0" encoding="UTF-8"?>
<!-- Generated by org.testng.reporters.JUnitReportReporter -->
<testsuite skipped="0" hostname="Kumar-HP" name="TestNGBasics.GoogleTest" tests="3" failures="0" timestamp="21 Mar 2019 01:09:42 GMT" time="30.325" errors="0">
  <testcase name="title" time="9.231" classname="TestNGBasics.GoogleTest"/>
  <testcase name="maillink" time="12.305" classname="TestNGBasics.GoogleTest"/>
  <testcase name="logo" time="8.789" classname="TestNGBasics.GoogleTest"/>
</testsuite> <!-- TestNGBasics.GoogleTest -->
